<?xml version="1.0" encoding="UTF-8"?>
<testng-results ignored="0" total="1" passed="1" failed="0" skipped="0">
  <reporter-output>
  </reporter-output>
  <suite started-at="2024-01-20T11:55:42 IST" name="Default suite" finished-at="2024-01-20T11:55:49 IST" duration-ms="6981">
    <groups>
    </groups>
    <test started-at="2024-01-20T11:55:42 IST" name="Default test" finished-at="2024-01-20T11:55:49 IST" duration-ms="6981">
      <class name="test.DemoClass">
        <test-method signature="test()[pri:0, instance:test.DemoClass@139982de]" started-at="2024-01-20T11:55:42 IST" name="test" finished-at="2024-01-20T11:55:49 IST" duration-ms="6945" status="PASS">
          <reporter-output>
          </reporter-output>
        </test-method> <!-- test -->
      </class> <!-- test.DemoClass -->
    </test> <!-- Default test -->
  </suite> <!-- Default suite -->
</testng-results>
